Sun Oct 21 02:03:27 COT 2018 Thread[main,5,main] Cleanup action starting
ERROR XBM0A: The database directory 'C:\Users\Asus\git\JavaAlgorithms\JavaAlgorithms\database' exists. However, it does not contain the expected 'service.properties' file. Perhaps Derby was brought down in the middle of creating this database. You may want to delete this directory and try creating the database again.
	at org.apache.derby.iapi.error.StandardException.newException(Unknown Source)
	at org.apache.derby.impl.services.monitor.StorageFactoryService.vetService(Unknown Source)
	at org.apache.derby.impl.services.monitor.StorageFactoryService.access$600(Unknown Source)
	at org.apache.derby.impl.services.monitor.StorageFactoryService$9.run(Unknown Source)
	at java.security.AccessController.doPrivileged(Native Method)
	at org.apache.derby.impl.services.monitor.StorageFactoryService.createServiceRoot(Unknown Source)
	at org.apache.derby.impl.services.monitor.BaseMonitor.bootService(Unknown Source)
	at org.apache.derby.impl.services.monitor.BaseMonitor.createPersistentService(Unknown Source)
	at org.apache.derby.iapi.services.monitor.Monitor.createPersistentService(Unknown Source)
	at org.apache.derby.impl.jdbc.EmbedConnection.createDatabase(Unknown Source)
	at org.apache.derby.impl.jdbc.EmbedConnection.<init>(Unknown Source)
	at org.apache.derby.impl.jdbc.EmbedConnection30.<init>(Unknown Source)
	at org.apache.derby.impl.jdbc.EmbedConnection40.<init>(Unknown Source)
	at org.apache.derby.jdbc.Driver40.getNewEmbedConnection(Unknown Source)
	at org.apache.derby.jdbc.InternalDriver.connect(Unknown Source)
	at org.apache.derby.jdbc.AutoloadedDriver.connect(Unknown Source)
	at java.sql.DriverManager.getConnection(DriverManager.java:664)
	at java.sql.DriverManager.getConnection(DriverManager.java:270)
	at DB.Database.getConnectionToDB(Database.java:41)
	at DB.Database.createDatabase(Database.java:24)
	at DB.Database.main(Database.java:17)
Cleanup action completed
Sun Oct 21 02:03:27 COT 2018 Thread[main,5,main] Cleanup action starting
java.sql.SQLException: Failed to create database 'database', see the next exception for details.
	at org.apache.derby.impl.jdbc.SQLExceptionFactory40.getSQLException(Unknown Source)
	at org.apache.derby.impl.jdbc.Util.newEmbedSQLException(Unknown Source)
	at org.apache.derby.impl.jdbc.Util.seeNextException(Unknown Source)
	at org.apache.derby.impl.jdbc.EmbedConnection.createDatabase(Unknown Source)
	at org.apache.derby.impl.jdbc.EmbedConnection.<init>(Unknown Source)
	at org.apache.derby.impl.jdbc.EmbedConnection30.<init>(Unknown Source)
	at org.apache.derby.impl.jdbc.EmbedConnection40.<init>(Unknown Source)
	at org.apache.derby.jdbc.Driver40.getNewEmbedConnection(Unknown Source)
	at org.apache.derby.jdbc.InternalDriver.connect(Unknown Source)
	at org.apache.derby.jdbc.AutoloadedDriver.connect(Unknown Source)
	at java.sql.DriverManager.getConnection(DriverManager.java:664)
	at java.sql.DriverManager.getConnection(DriverManager.java:270)
	at DB.Database.getConnectionToDB(Database.java:41)
	at DB.Database.createDatabase(Database.java:24)
	at DB.Database.main(Database.java:17)
Caused by: java.sql.SQLException: Failed to create database 'database', see the next exception for details.
	at org.apache.derby.impl.jdbc.SQLExceptionFactory.getSQLException(Unknown Source)
	at org.apache.derby.impl.jdbc.SQLExceptionFactory40.wrapArgsForTransportAcrossDRDA(Unknown Source)
	... 15 more
Caused by: java.sql.SQLException: The database directory 'C:\Users\Asus\git\JavaAlgorithms\JavaAlgorithms\database' exists. However, it does not contain the expected 'service.properties' file. Perhaps Derby was brought down in the middle of creating this database. You may want to delete this directory and try creating the database again.
	at org.apache.derby.impl.jdbc.SQLExceptionFactory.getSQLException(Unknown Source)
	at org.apache.derby.impl.jdbc.SQLExceptionFactory40.wrapArgsForTransportAcrossDRDA(Unknown Source)
	at org.apache.derby.impl.jdbc.SQLExceptionFactory40.getSQLException(Unknown Source)
	at org.apache.derby.impl.jdbc.Util.generateCsSQLException(Unknown Source)
	at org.apache.derby.impl.jdbc.TransactionResourceImpl.wrapInSQLException(Unknown Source)
	at org.apache.derby.impl.jdbc.TransactionResourceImpl.handleException(Unknown Source)
	at org.apache.derby.impl.jdbc.EmbedConnection.handleException(Unknown Source)
	... 12 more
Caused by: ERROR XBM0A: The database directory 'C:\Users\Asus\git\JavaAlgorithms\JavaAlgorithms\database' exists. However, it does not contain the expected 'service.properties' file. Perhaps Derby was brought down in the middle of creating this database. You may want to delete this directory and try creating the database again.
	at org.apache.derby.iapi.error.StandardException.newException(Unknown Source)
	at org.apache.derby.impl.services.monitor.StorageFactoryService.vetService(Unknown Source)
	at org.apache.derby.impl.services.monitor.StorageFactoryService.access$600(Unknown Source)
	at org.apache.derby.impl.services.monitor.StorageFactoryService$9.run(Unknown Source)
	at java.security.AccessController.doPrivileged(Native Method)
	at org.apache.derby.impl.services.monitor.StorageFactoryService.createServiceRoot(Unknown Source)
	at org.apache.derby.impl.services.monitor.BaseMonitor.bootService(Unknown Source)
	at org.apache.derby.impl.services.monitor.BaseMonitor.createPersistentService(Unknown Source)
	at org.apache.derby.iapi.services.monitor.Monitor.createPersistentService(Unknown Source)
	... 12 more
============= begin nested exception, level (1) ===========
java.sql.SQLException: The database directory 'C:\Users\Asus\git\JavaAlgorithms\JavaAlgorithms\database' exists. However, it does not contain the expected 'service.properties' file. Perhaps Derby was brought down in the middle of creating this database. You may want to delete this directory and try creating the database again.
	at org.apache.derby.impl.jdbc.SQLExceptionFactory40.getSQLException(Unknown Source)
	at org.apache.derby.impl.jdbc.Util.generateCsSQLException(Unknown Source)
	at org.apache.derby.impl.jdbc.TransactionResourceImpl.wrapInSQLException(Unknown Source)
	at org.apache.derby.impl.jdbc.TransactionResourceImpl.handleException(Unknown Source)
	at org.apache.derby.impl.jdbc.EmbedConnection.handleException(Unknown Source)
	at org.apache.derby.impl.jdbc.EmbedConnection.createDatabase(Unknown Source)
	at org.apache.derby.impl.jdbc.EmbedConnection.<init>(Unknown Source)
	at org.apache.derby.impl.jdbc.EmbedConnection30.<init>(Unknown Source)
	at org.apache.derby.impl.jdbc.EmbedConnection40.<init>(Unknown Source)
	at org.apache.derby.jdbc.Driver40.getNewEmbedConnection(Unknown Source)
	at org.apache.derby.jdbc.InternalDriver.connect(Unknown Source)
	at org.apache.derby.jdbc.AutoloadedDriver.connect(Unknown Source)
	at java.sql.DriverManager.getConnection(DriverManager.java:664)
	at java.sql.DriverManager.getConnection(DriverManager.java:270)
	at DB.Database.getConnectionToDB(Database.java:41)
	at DB.Database.createDatabase(Database.java:24)
	at DB.Database.main(Database.java:17)
Caused by: java.sql.SQLException: The database directory 'C:\Users\Asus\git\JavaAlgorithms\JavaAlgorithms\database' exists. However, it does not contain the expected 'service.properties' file. Perhaps Derby was brought down in the middle of creating this database. You may want to delete this directory and try creating the database again.
	at org.apache.derby.impl.jdbc.SQLExceptionFactory.getSQLException(Unknown Source)
	at org.apache.derby.impl.jdbc.SQLExceptionFactory40.wrapArgsForTransportAcrossDRDA(Unknown Source)
	... 17 more
Caused by: ERROR XBM0A: The database directory 'C:\Users\Asus\git\JavaAlgorithms\JavaAlgorithms\database' exists. However, it does not contain the expected 'service.properties' file. Perhaps Derby was brought down in the middle of creating this database. You may want to delete this directory and try creating the database again.
	at org.apache.derby.iapi.error.StandardException.newException(Unknown Source)
	at org.apache.derby.impl.services.monitor.StorageFactoryService.vetService(Unknown Source)
	at org.apache.derby.impl.services.monitor.StorageFactoryService.access$600(Unknown Source)
	at org.apache.derby.impl.services.monitor.StorageFactoryService$9.run(Unknown Source)
	at java.security.AccessController.doPrivileged(Native Method)
	at org.apache.derby.impl.services.monitor.StorageFactoryService.createServiceRoot(Unknown Source)
	at org.apache.derby.impl.services.monitor.BaseMonitor.bootService(Unknown Source)
	at org.apache.derby.impl.services.monitor.BaseMonitor.createPersistentService(Unknown Source)
	at org.apache.derby.iapi.services.monitor.Monitor.createPersistentService(Unknown Source)
	... 12 more
============= end nested exception, level (1) ===========
============= begin nested exception, level (2) ===========
java.sql.SQLException: The database directory 'C:\Users\Asus\git\JavaAlgorithms\JavaAlgorithms\database' exists. However, it does not contain the expected 'service.properties' file. Perhaps Derby was brought down in the middle of creating this database. You may want to delete this directory and try creating the database again.
	at org.apache.derby.impl.jdbc.SQLExceptionFactory.getSQLException(Unknown Source)
	at org.apache.derby.impl.jdbc.SQLExceptionFactory40.wrapArgsForTransportAcrossDRDA(Unknown Source)
	at org.apache.derby.impl.jdbc.SQLExceptionFactory40.getSQLException(Unknown Source)
	at org.apache.derby.impl.jdbc.Util.generateCsSQLException(Unknown Source)
	at org.apache.derby.impl.jdbc.TransactionResourceImpl.wrapInSQLException(Unknown Source)
	at org.apache.derby.impl.jdbc.TransactionResourceImpl.handleException(Unknown Source)
	at org.apache.derby.impl.jdbc.EmbedConnection.handleException(Unknown Source)
	at org.apache.derby.impl.jdbc.EmbedConnection.createDatabase(Unknown Source)
	at org.apache.derby.impl.jdbc.EmbedConnection.<init>(Unknown Source)
	at org.apache.derby.impl.jdbc.EmbedConnection30.<init>(Unknown Source)
	at org.apache.derby.impl.jdbc.EmbedConnection40.<init>(Unknown Source)
	at org.apache.derby.jdbc.Driver40.getNewEmbedConnection(Unknown Source)
	at org.apache.derby.jdbc.InternalDriver.connect(Unknown Source)
	at org.apache.derby.jdbc.AutoloadedDriver.connect(Unknown Source)
	at java.sql.DriverManager.getConnection(DriverManager.java:664)
	at java.sql.DriverManager.getConnection(DriverManager.java:270)
	at DB.Database.getConnectionToDB(Database.java:41)
	at DB.Database.createDatabase(Database.java:24)
	at DB.Database.main(Database.java:17)
Caused by: ERROR XBM0A: The database directory 'C:\Users\Asus\git\JavaAlgorithms\JavaAlgorithms\database' exists. However, it does not contain the expected 'service.properties' file. Perhaps Derby was brought down in the middle of creating this database. You may want to delete this directory and try creating the database again.
	at org.apache.derby.iapi.error.StandardException.newException(Unknown Source)
	at org.apache.derby.impl.services.monitor.StorageFactoryService.vetService(Unknown Source)
	at org.apache.derby.impl.services.monitor.StorageFactoryService.access$600(Unknown Source)
	at org.apache.derby.impl.services.monitor.StorageFactoryService$9.run(Unknown Source)
	at java.security.AccessController.doPrivileged(Native Method)
	at org.apache.derby.impl.services.monitor.StorageFactoryService.createServiceRoot(Unknown Source)
	at org.apache.derby.impl.services.monitor.BaseMonitor.bootService(Unknown Source)
	at org.apache.derby.impl.services.monitor.BaseMonitor.createPersistentService(Unknown Source)
	at org.apache.derby.iapi.services.monitor.Monitor.createPersistentService(Unknown Source)
	... 12 more
============= end nested exception, level (2) ===========
============= begin nested exception, level (3) ===========
ERROR XBM0A: The database directory 'C:\Users\Asus\git\JavaAlgorithms\JavaAlgorithms\database' exists. However, it does not contain the expected 'service.properties' file. Perhaps Derby was brought down in the middle of creating this database. You may want to delete this directory and try creating the database again.
	at org.apache.derby.iapi.error.StandardException.newException(Unknown Source)
	at org.apache.derby.impl.services.monitor.StorageFactoryService.vetService(Unknown Source)
	at org.apache.derby.impl.services.monitor.StorageFactoryService.access$600(Unknown Source)
	at org.apache.derby.impl.services.monitor.StorageFactoryService$9.run(Unknown Source)
	at java.security.AccessController.doPrivileged(Native Method)
	at org.apache.derby.impl.services.monitor.StorageFactoryService.createServiceRoot(Unknown Source)
	at org.apache.derby.impl.services.monitor.BaseMonitor.bootService(Unknown Source)
	at org.apache.derby.impl.services.monitor.BaseMonitor.createPersistentService(Unknown Source)
	at org.apache.derby.iapi.services.monitor.Monitor.createPersistentService(Unknown Source)
	at org.apache.derby.impl.jdbc.EmbedConnection.createDatabase(Unknown Source)
	at org.apache.derby.impl.jdbc.EmbedConnection.<init>(Unknown Source)
	at org.apache.derby.impl.jdbc.EmbedConnection30.<init>(Unknown Source)
	at org.apache.derby.impl.jdbc.EmbedConnection40.<init>(Unknown Source)
	at org.apache.derby.jdbc.Driver40.getNewEmbedConnection(Unknown Source)
	at org.apache.derby.jdbc.InternalDriver.connect(Unknown Source)
	at org.apache.derby.jdbc.AutoloadedDriver.connect(Unknown Source)
	at java.sql.DriverManager.getConnection(DriverManager.java:664)
	at java.sql.DriverManager.getConnection(DriverManager.java:270)
	at DB.Database.getConnectionToDB(Database.java:41)
	at DB.Database.createDatabase(Database.java:24)
	at DB.Database.main(Database.java:17)
============= end nested exception, level (3) ===========
Cleanup action completed
